CRITICAL - 2022-12-24 11:27:33 --> The framework needs the following extension(s) installed and loaded: intl.
in SYSTEMPATH\CodeIgniter.php on line 222.
 1 SYSTEMPATH\CodeIgniter.php(222): CodeIgniter\Exceptions\FrameworkException::forMissingExtension('intl')
 2 SYSTEMPATH\CodeIgniter.php(182): CodeIgniter\CodeIgniter->resolvePlatformExtensions()
 3 ROOTPATH\spark(83): CodeIgniter\CodeIgniter->initialize()
CRITICAL - 2022-12-24 11:28:46 --> The framework needs the following extension(s) installed and loaded: intl.
in SYSTEMPATH\CodeIgniter.php on line 222.
 1 SYSTEMPATH\CodeIgniter.php(222): CodeIgniter\Exceptions\FrameworkException::forMissingExtension('intl')
 2 SYSTEMPATH\CodeIgniter.php(182): CodeIgniter\CodeIgniter->resolvePlatformExtensions()
 3 ROOTPATH\spark(83): CodeIgniter\CodeIgniter->initialize()
CRITICAL - 2022-12-24 10:40:27 --> Invalid file: comic.php
in SYSTEMPATH\Exceptions\FrameworkException.php on line 33.
 1 SYSTEMPATH\View\View.php(201): CodeIgniter\Exceptions\FrameworkException::forInvalidFile('comic.php')
 2 SYSTEMPATH\Common.php(1135): CodeIgniter\View\View->render('comic', [], true)
 3 APPPATH\Controllers\ComicsController.php(11): view('comic', [...])
 4 SYSTEMPATH\CodeIgniter.php(925): App\Controllers\ComicsController->index()
 5 SYSTEMPATH\CodeIgniter.php(480): CodeIgniter\CodeIgniter->runController(Object(App\Controllers\ComicsController))
 6 SYSTEMPATH\CodeIgniter.php(349): CodeIgniter\CodeIgniter->handleRequest(null, Object(Config\Cache), false)
 7 FCPATH\index.php(67): CodeIgniter\CodeIgniter->run()
 8 SYSTEMPATH\Commands\Server\rewrite.php(47): require_once('FCPATH\\index.php')
CRITICAL - 2022-12-24 11:19:02 --> Too few arguments to function App\Controllers\ComicsController::__construct(), 0 passed in C:\xampp\htdocs\codeigniter4\system\CodeIgniter.php on line 887 and exactly 1 expected
in APPPATH\Controllers\ComicsController.php on line 10.
 1 SYSTEMPATH\CodeIgniter.php(887): App\Controllers\ComicsController->__construct()
 2 SYSTEMPATH\CodeIgniter.php(471): CodeIgniter\CodeIgniter->createController()
 3 SYSTEMPATH\CodeIgniter.php(349): CodeIgniter\CodeIgniter->handleRequest(null, Object(Config\Cache), false)
 4 FCPATH\index.php(67): CodeIgniter\CodeIgniter->run()
 5 SYSTEMPATH\Commands\Server\rewrite.php(47): require_once('FCPATH\\index.php')
CRITICAL - 2022-12-24 12:03:57 --> Undefined array key "image"
in APPPATH\Views\pages\detail.php on line 12.
 1 APPPATH\Views\pages\detail.php(12): CodeIgniter\Debug\Exceptions->errorHandler(2, 'Undefined array key "image"', 'APPPATH\\Views\\pages\\detail.php', 12)
 2 SYSTEMPATH\View\View.php(213): include('APPPATH\\Views\\pages\\detail.php')
 3 SYSTEMPATH\View\View.php(216): CodeIgniter\View\View->CodeIgniter\View\{closure}()
 4 SYSTEMPATH\Common.php(1135): CodeIgniter\View\View->render('pages/detail', [], true)
 5 APPPATH\Controllers\ComicsController.php(31): view('pages/detail', [...])
 6 SYSTEMPATH\CodeIgniter.php(925): App\Controllers\ComicsController->detail('attack-on-titan')
 7 SYSTEMPATH\CodeIgniter.php(480): CodeIgniter\CodeIgniter->runController(Object(App\Controllers\ComicsController))
 8 SYSTEMPATH\CodeIgniter.php(349): CodeIgniter\CodeIgniter->handleRequest(null, Object(Config\Cache), false)
 9 FCPATH\index.php(67): CodeIgniter\CodeIgniter->run()
10 SYSTEMPATH\Commands\Server\rewrite.php(47): require_once('FCPATH\\index.php')
CRITICAL - 2022-12-24 12:07:30 --> Cannot use object of type App\Models\ComicsModel as array
in APPPATH\Views\pages\detail.php on line 12.
 1 SYSTEMPATH\View\View.php(213): include()
 2 SYSTEMPATH\View\View.php(216): CodeIgniter\View\View->CodeIgniter\View\{closure}()
 3 SYSTEMPATH\Common.php(1135): CodeIgniter\View\View->render('pages/detail', [], true)
 4 APPPATH\Controllers\ComicsController.php(31): view('pages/detail', [...])
 5 SYSTEMPATH\CodeIgniter.php(925): App\Controllers\ComicsController->detail('attack-on-titan')
 6 SYSTEMPATH\CodeIgniter.php(480): CodeIgniter\CodeIgniter->runController(Object(App\Controllers\ComicsController))
 7 SYSTEMPATH\CodeIgniter.php(349): CodeIgniter\CodeIgniter->handleRequest(null, Object(Config\Cache), false)
 8 FCPATH\index.php(67): CodeIgniter\CodeIgniter->run()
 9 SYSTEMPATH\Commands\Server\rewrite.php(47): require_once('FCPATH\\index.php')
CRITICAL - 2022-12-24 12:07:53 --> Call to undefined method App\Models\ComicsModel::second
in SYSTEMPATH\Model.php on line 807.
 1 APPPATH\Models\ComicsModel.php(18): CodeIgniter\Model->__call('second', [])
 2 APPPATH\Controllers\ComicsController.php(28): App\Models\ComicsModel->getKomik(false)
 3 SYSTEMPATH\CodeIgniter.php(925): App\Controllers\ComicsController->detail('attack-on-titan')
 4 SYSTEMPATH\CodeIgniter.php(480): CodeIgniter\CodeIgniter->runController(Object(App\Controllers\ComicsController))
 5 SYSTEMPATH\CodeIgniter.php(349): CodeIgniter\CodeIgniter->handleRequest(null, Object(Config\Cache), false)
 6 FCPATH\index.php(67): CodeIgniter\CodeIgniter->run()
 7 SYSTEMPATH\Commands\Server\rewrite.php(47): require_once('FCPATH\\index.php')
CRITICAL - 2022-12-24 12:27:39 --> Undefined array key "cover"
in APPPATH\Views\pages\detail.php on line 12.
 1 APPPATH\Views\pages\detail.php(12): CodeIgniter\Debug\Exceptions->errorHandler(2, 'Undefined array key "cover"', 'APPPATH\\Views\\pages\\detail.php', 12)
 2 SYSTEMPATH\View\View.php(213): include('APPPATH\\Views\\pages\\detail.php')
 3 SYSTEMPATH\View\View.php(216): CodeIgniter\View\View->CodeIgniter\View\{closure}()
 4 SYSTEMPATH\Common.php(1135): CodeIgniter\View\View->render('pages/detail', [], true)
 5 APPPATH\Controllers\ComicsController.php(31): view('pages/detail', [...])
 6 SYSTEMPATH\CodeIgniter.php(925): App\Controllers\ComicsController->detail('haikyuu')
 7 SYSTEMPATH\CodeIgniter.php(480): CodeIgniter\CodeIgniter->runController(Object(App\Controllers\ComicsController))
 8 SYSTEMPATH\CodeIgniter.php(349): CodeIgniter\CodeIgniter->handleRequest(null, Object(Config\Cache), false)
 9 FCPATH\index.php(67): CodeIgniter\CodeIgniter->run()
10 SYSTEMPATH\Commands\Server\rewrite.php(47): require_once('FCPATH\\index.php')
CRITICAL - 2022-12-24 12:27:58 --> Undefined array key "cover"
in APPPATH\Views\pages\detail.php on line 12.
 1 APPPATH\Views\pages\detail.php(12): CodeIgniter\Debug\Exceptions->errorHandler(2, 'Undefined array key "cover"', 'APPPATH\\Views\\pages\\detail.php', 12)
 2 SYSTEMPATH\View\View.php(213): include('APPPATH\\Views\\pages\\detail.php')
 3 SYSTEMPATH\View\View.php(216): CodeIgniter\View\View->CodeIgniter\View\{closure}()
 4 SYSTEMPATH\Common.php(1135): CodeIgniter\View\View->render('pages/detail', [], true)
 5 APPPATH\Controllers\ComicsController.php(31): view('pages/detail', [...])
 6 SYSTEMPATH\CodeIgniter.php(925): App\Controllers\ComicsController->detail('attack-on-titan')
 7 SYSTEMPATH\CodeIgniter.php(480): CodeIgniter\CodeIgniter->runController(Object(App\Controllers\ComicsController))
 8 SYSTEMPATH\CodeIgniter.php(349): CodeIgniter\CodeIgniter->handleRequest(null, Object(Config\Cache), false)
 9 FCPATH\index.php(67): CodeIgniter\CodeIgniter->run()
10 SYSTEMPATH\Commands\Server\rewrite.php(47): require_once('FCPATH\\index.php')
CRITICAL - 2022-12-24 12:35:34 --> syntax error, unexpected token "}", expecting ";"
in APPPATH\Controllers\ComicsController.php on line 41.
 1 SYSTEMPATH\Autoloader\Autoloader.php(260): CodeIgniter\Autoloader\Autoloader->includeFile('APPPATH\\Controllers\\ComicsController.php')
 2 SYSTEMPATH\Autoloader\Autoloader.php(238): CodeIgniter\Autoloader\Autoloader->loadInNamespace('App\\Controllers\\ComicsController')
 3 [internal function]: CodeIgniter\Autoloader\Autoloader->loadClass('App\\Controllers\\ComicsController')
 4 SYSTEMPATH\CodeIgniter.php(875): class_exists('\\App\\Controllers\\ComicsController', true)
 5 SYSTEMPATH\CodeIgniter.php(467): CodeIgniter\CodeIgniter->startController()
 6 SYSTEMPATH\CodeIgniter.php(349): CodeIgniter\CodeIgniter->handleRequest(null, Object(Config\Cache), false)
 7 FCPATH\index.php(67): CodeIgniter\CodeIgniter->run()
 8 SYSTEMPATH\Commands\Server\rewrite.php(47): require_once('FCPATH\\index.php')
CRITICAL - 2022-12-24 12:35:44 --> Call to undefined method App\Models\ComicsModel::createKomik
in SYSTEMPATH\Model.php on line 807.
 1 APPPATH\Controllers\ComicsController.php(38): CodeIgniter\Model->__call('createKomik', [])
 2 SYSTEMPATH\CodeIgniter.php(925): App\Controllers\ComicsController->create()
 3 SYSTEMPATH\CodeIgniter.php(480): CodeIgniter\CodeIgniter->runController(Object(App\Controllers\ComicsController))
 4 SYSTEMPATH\CodeIgniter.php(349): CodeIgniter\CodeIgniter->handleRequest(null, Object(Config\Cache), false)
 5 FCPATH\index.php(67): CodeIgniter\CodeIgniter->run()
 6 SYSTEMPATH\Commands\Server\rewrite.php(47): require_once('FCPATH\\index.php')
CRITICAL - 2022-12-24 13:54:33 --> Undefined variable $images
in APPPATH\Views\pages\home.php on line 10.
 1 APPPATH\Views\pages\home.php(10): CodeIgniter\Debug\Exceptions->errorHandler(2, 'Undefined variable $images', 'APPPATH\\Views\\pages\\home.php', 10)
 2 SYSTEMPATH\View\View.php(213): include('APPPATH\\Views\\pages\\home.php')
 3 SYSTEMPATH\View\View.php(216): CodeIgniter\View\View->CodeIgniter\View\{closure}()
 4 SYSTEMPATH\Common.php(1135): CodeIgniter\View\View->render('/pages/home', [], true)
 5 APPPATH\Controllers\PagesController.php(12): view('/pages/home', [...])
 6 SYSTEMPATH\CodeIgniter.php(925): App\Controllers\PagesController->index()
 7 SYSTEMPATH\CodeIgniter.php(480): CodeIgniter\CodeIgniter->runController(Object(App\Controllers\PagesController))
 8 SYSTEMPATH\CodeIgniter.php(349): CodeIgniter\CodeIgniter->handleRequest(null, Object(Config\Cache), false)
 9 FCPATH\index.php(67): CodeIgniter\CodeIgniter->run()
10 SYSTEMPATH\Commands\Server\rewrite.php(47): require_once('FCPATH\\index.php')
